<?xml version="1.0" encoding="UTF-8"?>
<!-- Generated by org.testng.reporters.JUnitXMLReporter -->
<testsuite hostname="LAPTOP-O7BRKD6N" ignored="0" name="Test" tests="1" failures="1" timestamp="2023-04-14T15:22:55 IST" time="10.55" errors="0">
  <testcase name="OrangeHRM" time="7.898" classname="com.testcases.LoginTest">
    <failure type="java.lang.AssertionError" message="expected [Dashboardd] but found [Dashboard]">
      <![CDATA[java.lang.AssertionError: expected [Dashboardd] but found [Dashboard]
at com.testcases.LoginTest.OrangeHRM(LoginTest.java:35)
at java.util.ArrayList.forEach(Unknown Source)
... Removed 33 stack frames]]>
    </failure>
  </testcase> <!-- OrangeHRM -->
</testsuite> <!-- Test -->
